Notice: Output directory `../api/' does not exist. I have created it for you.
/home/steve/ogre/ogre/OgreMain/include/OgreCamera.h:583: Warning: target Frustum::getViewMatrix of \copydoc command not found
/home/steve/ogre/ogre/OgreMain/include/OgreCamera.h:583: Warning: target Frustum::getViewMatrix of \copydoc command not found
/home/steve/ogre/ogre/OgreMain/include/OgreTexture.h:43: Warning: target HardwareBuffer::Usage of \copydoc command not found
/home/steve/ogre/ogre/OgreMain/include/OgreWindowEventUtilities.h:43: Warning: Found unknown command `\Remarks'
/home/steve/ogre/ogre/OgreMain/include/OgreWindowEventUtilities.h:99: Warning: Found unknown command `\Remarks'
/home/steve/ogre/ogre/OgreMain/include/OgreWindowEventUtilities.h:43: Warning: Found unknown command `\Remarks'
/home/steve/ogre/ogre/OgreMain/include/OgreWindowEventUtilities.h:99: Warning: Found unknown command `\Remarks'
/home/steve/ogre/ogre/OgreMain/include/OgreWindowEventUtilities.h:43: Warning: Found unknown command `\Remarks'
/home/steve/ogre/ogre/OgreMain/include/OgreWindowEventUtilities.h:99: Warning: Found unknown command `\Remarks'
/home/steve/ogre/ogre/OgreMain/include/OgreWindowEventUtilities.h:43: Warning: Found unknown command `\Remarks'
/home/steve/ogre/ogre/OgreMain/include/OgreWindowEventUtilities.h:99: Warning: Found unknown command `\Remarks'
/home/steve/ogre/ogre/OgreMain/include/OgreAnimation.h:202: Warning: The following parameters of Ogre::Animation::apply(Skeleton *skeleton, Real timePos, Real weight=1.0, Real scale=1.0f) are not documented:
  parameter skeleton
/home/steve/ogre/ogre/OgreMain/include/OgreAnimation.h:214: Warning: The following parameters of Ogre::Animation::apply(Skeleton *skeleton, Real timePos, float weight, const AnimationState::BoneBlendMask *blendMask, Real scale) are not documented:
  parameter skeleton
/home/steve/ogre/ogre/OgreMain/include/OgreFactoryObj.h:57: Warning: argument `ptr' of command @param is not found in the argument list of Ogre::FactoryObj< T >::destroyInstance(T *)
/home/steve/ogre/ogre/OgreMain/include/OgreArchiveManager.h:59: Warning: argument `refLibrary' of command @param is not found in the argument list of Ogre::ArchiveManager::load(const String &filename, const String &archiveType)
/home/steve/ogre/ogre/OgreMain/include/OgreArchiveManager.h:59: Warning: The following parameters of Ogre::ArchiveManager::load(const String &filename, const String &archiveType) are not documented:
  parameter archiveType
/home/steve/ogre/ogre/OgreMain/include/OgreBillboardChain.h:98: Warning: argument `useVertexColours' of command @param is not found in the argument list of Ogre::BillboardChain::BillboardChain(const String &name, size_t maxElements=20, size_t numberOfChains=1, bool useTextureCoords=true, bool useColours=true, bool dynamic=true)
/home/steve/ogre/ogre/OgreMain/include/OgreBillboardChain.h:98: Warning: The following parameters of Ogre::BillboardChain::BillboardChain(const String &name, size_t maxElements=20, size_t numberOfChains=1, bool useTextureCoords=true, bool useColours=true, bool dynamic=true) are not documented:
  parameter useColours
/home/steve/ogre/ogre/OgreMain/include/OgreRenderable.h:236: Warning: argument `see' of command @param is not found in the argument list of Ogre::Renderable::getCustomParameter(size_t index) const
/home/steve/ogre/ogre/OgreMain/include/OgreRenderable.h:236: Warning: The following parameters of Ogre::Renderable::getCustomParameter(size_t index) const are not documented:
  parameter index
<destroyInstance>:1: Warning: argument `ptr' of command @param is not found in the argument list of Ogre::BillboardParticleRendererFactory::destroyInstance(ParticleSystemRenderer *inst)
<destroyInstance>:1: Warning: The following parameters of Ogre::BillboardParticleRendererFactory::destroyInstance(ParticleSystemRenderer *inst) are not documented:
  parameter inst
<destroyInstance>:1: Warning: argument `ptr' of command @param is not found in the argument list of Ogre::BillboardParticleRendererFactory::destroyInstance(ParticleSystemRenderer *inst)
<destroyInstance>:1: Warning: The following parameters of Ogre::BillboardParticleRendererFactory::destroyInstance(ParticleSystemRenderer *inst) are not documented:
  parameter inst
/home/steve/ogre/ogre/OgreMain/include/OgreFactoryObj.h:57: Warning: argument `ptr' of command @param is not found in the argument list of Ogre::FactoryObj< T >::destroyInstance(T *)
/home/steve/ogre/ogre/OgreMain/include/OgreBillboardSet.h:241: Warning: argument `bb' of command @param is not found in the argument list of Ogre::BillboardSet::genVertices(const Vector3 *const offsets, const Billboard &pBillboard)
/home/steve/ogre/ogre/OgreMain/include/OgreBillboardSet.h:241: Warning: The following parameters of Ogre::BillboardSet::genVertices(const Vector3 *const offsets, const Billboard &pBillboard) are not documented:
  parameter pBillboard
/home/steve/ogre/ogre/OgreMain/include/OgreBillboardSet.h:592: Warning: End of list marker found without any preceding list items
/home/steve/ogre/ogre/OgreMain/include/OgreRenderable.h:236: Warning: argument `see' of command @param is not found in the argument list of Ogre::Renderable::getCustomParameter(size_t index) const
/home/steve/ogre/ogre/OgreMain/include/OgreRenderable.h:236: Warning: The following parameters of Ogre::Renderable::getCustomParameter(size_t index) const are not documented:
  parameter index
/home/steve/ogre/ogre/OgreMain/include/OgreNode.h:493: Warning: The following parameters of Ogre::Node::createChild(const String &name, const Vector3 &translate=Vector3::ZERO, const Quaternion &rotate=Quaternion::IDENTITY) are not documented:
  parameter name
/home/steve/ogre/ogre/OgreMain/include/OgreNode.h:684: Warning: The following parameters of Ogre::Node::requestUpdate(Node *child, bool forceParentUpdate=false) are not documented:
  parameter child
/home/steve/ogre/ogre/OgreMain/include/OgreRenderable.h:236: Warning: argument `see' of command @param is not found in the argument list of Ogre::Renderable::getCustomParameter(size_t index) const
/home/steve/ogre/ogre/OgreMain/include/OgreRenderable.h:236: Warning: The following parameters of Ogre::Renderable::getCustomParameter(size_t index) const are not documented:
  parameter index
/home/steve/ogre/ogre/OgreMain/include/OgreBorderPanelOverlayElement.h:172: Warning: target OvelayElement::visitRenderables of \copydoc command not found
/home/steve/ogre/ogre/OgreMain/include/OgreBorderPanelOverlayElement.h:172: Warning: target OvelayElement::visitRenderables of \copydoc command not found
/home/steve/ogre/ogre/OgreMain/include/OgreRenderable.h:236: Warning: argument `see' of command @param is not found in the argument list of Ogre::Renderable::getCustomParameter(size_t index) const
/home/steve/ogre/ogre/OgreMain/include/OgreRenderable.h:236: Warning: The following parameters of Ogre::Renderable::getCustomParameter(size_t index) const are not documented:
  parameter index
/home/steve/ogre/ogre/OgreMain/include/OgreRenderable.h:236: Warning: argument `see' of command @param is not found in the argument list of Ogre::Renderable::getCustomParameter(size_t index) const
/home/steve/ogre/ogre/OgreMain/include/OgreRenderable.h:236: Warning: The following parameters of Ogre::Renderable::getCustomParameter(size_t index) const are not documented:
  parameter index
<isVisible>:1: Warning: argument `bound' of command @param is not found in the argument list of Ogre::Camera::isVisible(const Vector3 &vert, FrustumPlane *culledBy=0) const
<isVisible>:1: Warning: The following parameters of Ogre::Camera::isVisible(const Vector3 &vert, FrustumPlane *culledBy=0) const are not documented:
  parameter vert
<projectSphere>:1: Warning: argument `radius' of command @param is not found in the argument list of Ogre::Camera::projectSphere(const Sphere &sphere, Real *left, Real *top, Real *right, Real *bottom) const
<isVisible>:1: Warning: argument `bound' of command @param is not found in the argument list of Ogre::Camera::isVisible(const Vector3 &vert, FrustumPlane *culledBy=0) const
<isVisible>:1: Warning: The following parameters of Ogre::Camera::isVisible(const Vector3 &vert, FrustumPlane *culledBy=0) const are not documented:
  parameter vert
<projectSphere>:1: Warning: argument `radius' of command @param is not found in the argument list of Ogre::Camera::projectSphere(const Sphere &sphere, Real *left, Real *top, Real *right, Real *bottom) const
/home/steve/ogre/ogre/OgreMain/include/OgreFrustum.h:196: Warning: argument `near' of command @param is not found in the argument list of Ogre::Frustum::setNearClipDistance(Real nearDist)
/home/steve/ogre/ogre/OgreMain/include/OgreFrustum.h:196: Warning: The following parameters of Ogre::Frustum::setNearClipDistance(Real nearDist) are not documented:
  parameter nearDist
/home/steve/ogre/ogre/OgreMain/include/OgreFrustum.h:213: Warning: argument `far' of command @param is not found in the argument list of Ogre::Frustum::setFarClipDistance(Real farDist)
/home/steve/ogre/ogre/OgreMain/include/OgreFrustum.h:213: Warning: The following parameters of Ogre::Frustum::setFarClipDistance(Real farDist) are not documented:
  parameter farDist
/home/steve/ogre/ogre/OgreMain/include/OgreRenderable.h:236: Warning: argument `see' of command @param is not found in the argument list of Ogre::Renderable::getCustomParameter(size_t index) const
/home/steve/ogre/ogre/OgreMain/include/OgreRenderable.h:236: Warning: The following parameters of Ogre::Renderable::getCustomParameter(size_t index) const are not documented:
  parameter index
/home/steve/ogre/ogre/OgreMain/include/OgreCompiler2Pass.h:61: Warning: Unsupported xml/html tag <identifier> found
/home/steve/ogre/ogre/OgreMain/include/OgreCompiler2Pass.h:67: Warning: Unsupported xml/html tag <true_false> found
/home/steve/ogre/ogre/OgreMain/include/OgreCompiler2Pass.h:69: Warning: Unsupported xml/html tag <terrain_shadaws> found
/home/steve/ogre/ogre/OgreMain/include/OgreCompiler2Pass.h:69: Warning: Unsupported xml/html tag <true_false> found
/home/steve/ogre/ogre/OgreMain/include/OgreCompiler2Pass.h:70: Warning: Unsupported xml/html tag <true_false> found
/home/steve/ogre/ogre/OgreMain/include/OgreCompiler2Pass.h:70: Warning: Unsupported xml/html tag <terrain_shadows> found
/home/steve/ogre/ogre/OgreMain/include/OgreCompiler2Pass.h:96: Warning: Unsupported xml/html tag <rule> found
/home/steve/ogre/ogre/OgreMain/include/OgreCompiler2Pass.h:96: Warning: Unsupported xml/html tag <identifier> found
/home/steve/ogre/ogre/OgreMain/include/OgreCompiler2Pass.h:96: Warning: Unsupported xml/html tag <expression> found
/home/steve/ogre/ogre/OgreMain/include/OgreCompiler2Pass.h:97: Warning: Unsupported xml/html tag <expression> found
/home/steve/ogre/ogre/OgreMain/include/OgreCompiler2Pass.h:97: Warning: Unsupported xml/html tag <and_term> found
/home/steve/ogre/ogre/OgreMain/include/OgreCompiler2Pass.h:97: Warning: Unsupported xml/html tag <or_term> found
/home/steve/ogre/ogre/OgreMain/include/OgreCompiler2Pass.h:98: Warning: Unsupported xml/html tag <or_term> found
/home/steve/ogre/ogre/OgreMain/include/OgreCompiler2Pass.h:98: Warning: Unsupported xml/html tag <and_term> found
/home/steve/ogre/ogre/OgreMain/include/OgreCompiler2Pass.h:99: Warning: Unsupported xml/html tag <and_term> found
/home/steve/ogre/ogre/OgreMain/include/OgreCompiler2Pass.h:100: Warning: Unsupported xml/html tag <identifier_right> found
/home/steve/ogre/ogre/OgreMain/include/OgreCompiler2Pass.h:100: Warning: Unsupported xml/html tag <terminal_symbol> found
/home/steve/ogre/ogre/OgreMain/include/OgreCompiler2Pass.h:100: Warning: Unsupported xml/html tag <repeat_expression> found
/home/steve/ogre/ogre/OgreMain/include/OgreCompiler2Pass.h:100: Warning: Unsupported xml/html tag <optional_expression> found
/home/steve/ogre/ogre/OgreMain/include/OgreCompiler2Pass.h:101: Warning: Unsupported xml/html tag <identifier_right> found
/home/steve/ogre/ogre/OgreMain/include/OgreCompiler2Pass.h:101: Warning: Unsupported xml/html tag <identifier> found
/home/steve/ogre/ogre/OgreMain/include/OgreCompiler2Pass.h:103: Warning: Unsupported xml/html tag <identiefier> found
/home/steve/ogre/ogre/OgreMain/include/OgreCompiler2Pass.h:110: Warning: explicit link request to 'name' could not be resolved
/home/steve/ogre/ogre/OgreMain/include/OgreCompiler2Pass.h:112: Warning: Unsupported xml/html tag <Colour> found
/home/steve/ogre/ogre/OgreMain/include/OgreCompiler2Pass.h:112: Warning: explicit link request to 'red' could not be resolved
/home/steve/ogre/ogre/OgreMain/include/OgreCompiler2Pass.h:112: Warning: explicit link request to 'green' could not be resolved
/home/steve/ogre/ogre/OgreMain/include/OgreCompiler2Pass.h:112: Warning: explicit link request to 'blue' could not be resolved
/home/steve/ogre/ogre/OgreMain/include/OgreCompiler2Pass.h:120: Warning: Unsupported xml/html tag <Label> found
/home/steve/ogre/ogre/OgreMain/include/OgreCompiler2Pass.h:120: Warning: Unsupported xml/html tag <Character> found
/home/steve/ogre/ogre/OgreMain/include/OgreCompiler2Pass.h:120: Warning: Unsupported xml/html tag <Character> found
/home/steve/ogre/ogre/OgreMain/include/OgreCompiler2Pass.h:121: Warning: Unsupported xml/html tag <Character> found
/home/steve/ogre/ogre/OgreMain/include/OgreCompiler2Pass.h:131: Warning: Unsupported xml/html tag <Label> found
/home/steve/ogre/ogre/OgreMain/include/OgreCompiler2Pass.h:131: Warning: Unsupported xml/html tag <AnyCharacter_NoLineBreak> found
/home/steve/ogre/ogre/OgreMain/include/OgreCompiler2Pass.h:131: Warning: Unsupported xml/html tag <AnyCharacter_NoLineBreak> found
/home/steve/ogre/ogre/OgreMain/include/OgreCompiler2Pass.h:132: Warning: Unsupported xml/html tag <AnyCharacter_NoLineBreak> found
/home/steve/ogre/ogre/OgreMain/include/OgreCompiler2Pass.h:132: Warning: Found unknown command `\r'
/home/steve/ogre/ogre/OgreMain/include/OgreCompiler2Pass.h:134: Warning: Found unknown command `\r'
/home/steve/ogre/ogre/OgreMain/include/OgreCompiler2Pass.h:141: Warning: Unsupported xml/html tag <Last_Resort> found
/home/steve/ogre/ogre/OgreMain/include/OgreCompiler2Pass.h:141: Warning: Unsupported xml/html tag <Special_Label> found
/home/steve/ogre/ogre/OgreMain/include/OgreCompiler2Pass.h:142: Warning: Unsupported xml/html tag <Special_Label> found
/home/steve/ogre/ogre/OgreMain/include/OgreCompiler2Pass.h:142: Warning: Found unknown command `\r'
/home/steve/ogre/ogre/OgreMain/include/OgreCompiler2Pass.h:142: Warning: Found unknown command `\t'
/home/steve/ogre/ogre/OgreMain/include/OgreCompiler2Pass.h:144: Warning: Unsupported xml/html tag <Last_Resort> found
/home/steve/ogre/ogre/OgreMain/include/OgreCompiler2Pass.h:145: Warning: Unsupported xml/html tag <Special_Label> found
/home/steve/ogre/ogre/OgreMain/include/OgreCompiler2Pass.h:145: Warning: Found unknown command `\r'
/home/steve/ogre/ogre/OgreMain/include/OgreCompiler2Pass.h:145: Warning: Found unknown command `\t'
/home/steve/ogre/ogre/OgreMain/include/OgreCompiler2Pass.h:147: Warning: Unsupported xml/html tag <Special_Label> found
/home/steve/ogre/ogre/OgreMain/include/OgreCompiler2Pass.h:641: Warning: The following parameters of Ogre::Compiler2Pass::compile(const String &source, const String &sourceName) are not documented:
  parameter sourceName
/home/steve/ogre/ogre/OgreMain/include/OgreCompositorChain.h:93: Warning: The following parameters of Ogre::CompositorChain::setCompositorEnabled(size_t position, bool state) are not documented:
  parameter state
<renderQueueStarted>:1: Warning: argument `queueGroupId' of command @param is not found in the argument list of Ogre::CompositorChain::RQListener::renderQueueStarted(uint8 id, const String &invocation, bool &skipThisQueue)
<renderQueueStarted>:1: Warning: argument `skipThisInvocation' of command @param is not found in the argument list of Ogre::CompositorChain::RQListener::renderQueueStarted(uint8 id, const String &invocation, bool &skipThisQueue)
<renderQueueStarted>:1: Warning: The following parameters of Ogre::CompositorChain::RQListener::renderQueueStarted(uint8 id, const String &invocation, bool &skipThisQueue) are not documented:
  parameter id
  parameter skipThisQueue
<renderQueueEnded>:1: Warning: argument `queueGroupId' of command @param is not found in the argument list of Ogre::CompositorChain::RQListener::renderQueueEnded(uint8 id, const String &invocation, bool &repeatThisQueue)
<renderQueueEnded>:1: Warning: argument `repeatThisInvocation' of command @param is not found in the argument list of Ogre::CompositorChain::RQListener::renderQueueEnded(uint8 id, const String &invocation, bool &repeatThisQueue)
<renderQueueEnded>:1: Warning: The following parameters of Ogre::CompositorChain::RQListener::renderQueueEnded(uint8 id, const String &invocation, bool &repeatThisQueue) are not documented:
  parameter id
  parameter repeatThisQueue
<renderQueueStarted>:1: Warning: argument `queueGroupId' of command @param is not found in the argument list of Ogre::CompositorChain::RQListener::renderQueueStarted(uint8 id, const String &invocation, bool &skipThisQueue)
<renderQueueStarted>:1: Warning: argument `skipThisInvocation' of command @param is not found in the argument list of Ogre::CompositorChain::RQListener::renderQueueStarted(uint8 id, const String &invocation, bool &skipThisQueue)
<renderQueueStarted>:1: Warning: The following parameters of Ogre::CompositorChain::RQListener::renderQueueStarted(uint8 id, const String &invocation, bool &skipThisQueue) are not documented:
  parameter id
  parameter skipThisQueue
<renderQueueEnded>:1: Warning: argument `queueGroupId' of command @param is not found in the argument list of Ogre::CompositorChain::RQListener::renderQueueEnded(uint8 id, const String &invocation, bool &repeatThisQueue)
<renderQueueEnded>:1: Warning: argument `repeatThisInvocation' of command @param is not found in the argument list of Ogre::CompositorChain::RQListener::renderQueueEnded(uint8 id, const String &invocation, bool &repeatThisQueue)
<renderQueueEnded>:1: Warning: The following parameters of Ogre::CompositorChain::RQListener::renderQueueEnded(uint8 id, const String &invocation, bool &repeatThisQueue) are not documented:
  parameter id
  parameter repeatThisQueue
/home/steve/ogre/ogre/OgreMain/include/OgreCompiler2Pass.h:641: Warning: The following parameters of Ogre::Compiler2Pass::compile(const String &source, const String &sourceName) are not documented:
  parameter sourceName
/home/steve/ogre/ogre/OgreMain/include/OgreControllerManager.h:153: Warning: argument `vSpeed' of command @param is not found in the argument list of Ogre::ControllerManager::createTextureRotater(TextureUnitState *layer, Real speed)
/home/steve/ogre/ogre/OgreMain/include/OgreControllerManager.h:153: Warning: The following parameters of Ogre::ControllerManager::createTextureRotater(TextureUnitState *layer, Real speed) are not documented:
  parameter speed
/home/steve/ogre/ogre/OgreMain/include/OgreControllerManager.h:185: Warning: argument `factor' of command @param is not found in the argument list of Ogre::ControllerManager::createGpuProgramTimerParam(GpuProgramParameters *params, size_t paramIndex, Real timeFactor=1.0f)
/home/steve/ogre/ogre/OgreMain/include/OgreControllerManager.h:185: Warning: The following parameters of Ogre::ControllerManager::createGpuProgramTimerParam(GpuProgramParameters *params, size_t paramIndex, Real timeFactor=1.0f) are not documented:
  parameter timeFactor
/home/steve/ogre/ogre/OgreMain/include/OgreDynLibManager.h:69: Warning: argument `filename' of command @param is not found in the argument list of Ogre::DynLibManager::unload(DynLib *lib)
/home/steve/ogre/ogre/OgreMain/include/OgreDynLibManager.h:69: Warning: The following parameters of Ogre::DynLibManager::unload(DynLib *lib) are not documented:
  parameter lib
/home/steve/ogre/ogre/OgreMain/include/OgreEntity.h:522: Warning: Found unknown command `\copy'
/home/steve/ogre/ogre/OgreMain/include/OgreEntity.h:524: Warning: Found unknown command `\copy'
/home/steve/ogre/ogre/OgreMain/include/OgreEntity.h:522: Warning: Found unknown command `\copy'
/home/steve/ogre/ogre/OgreMain/include/OgreEntity.h:524: Warning: Found unknown command `\copy'
/home/steve/ogre/ogre/OgreMain/include/OgreRenderable.h:236: Warning: argument `see' of command @param is not found in the argument list of Ogre::Renderable::getCustomParameter(size_t index) const
/home/steve/ogre/ogre/OgreMain/include/OgreRenderable.h:236: Warning: The following parameters of Ogre::Renderable::getCustomParameter(size_t index) const are not documented:
  parameter index
/home/steve/ogre/ogre/OgreMain/include/OgreFactoryObj.h:57: Warning: argument `ptr' of command @param is not found in the argument list of Ogre::FactoryObj< T >::destroyInstance(T *)
/home/steve/ogre/ogre/OgreMain/include/OgreFileSystem.h:45: Warning: argument `currentDir' of command @param is not found in the argument list of Ogre::FileSystemArchive::findFiles(const String &pattern, bool recursive, bool dirs, StringVector *simpleList, FileInfoList *detailList)
<destroyInstance>:1: Warning: argument `ptr' of command @param is not found in the argument list of Ogre::FileSystemArchiveFactory::destroyInstance(Archive *arch)
<destroyInstance>:1: Warning: The following parameters of Ogre::FileSystemArchiveFactory::destroyInstance(Archive *arch) are not documented:
  parameter arch
<destroyInstance>:1: Warning: argument `ptr' of command @param is not found in the argument list of Ogre::FileSystemArchiveFactory::destroyInstance(Archive *arch)
<destroyInstance>:1: Warning: The following parameters of Ogre::FileSystemArchiveFactory::destroyInstance(Archive *arch) are not documented:
  parameter arch
/home/steve/ogre/ogre/OgreMain/include/OgreFactoryObj.h:57: Warning: argument `ptr' of command @param is not found in the argument list of Ogre::FactoryObj< T >::destroyInstance(T *)
/home/steve/ogre/ogre/OgreMain/include/OgreFrustum.h:196: Warning: argument `near' of command @param is not found in the argument list of Ogre::Frustum::setNearClipDistance(Real nearDist)
/home/steve/ogre/ogre/OgreMain/include/OgreFrustum.h:196: Warning: The following parameters of Ogre::Frustum::setNearClipDistance(Real nearDist) are not documented:
  parameter nearDist
/home/steve/ogre/ogre/OgreMain/include/OgreFrustum.h:213: Warning: argument `far' of command @param is not found in the argument list of Ogre::Frustum::setFarClipDistance(Real farDist)
/home/steve/ogre/ogre/OgreMain/include/OgreFrustum.h:213: Warning: The following parameters of Ogre::Frustum::setFarClipDistance(Real farDist) are not documented:
  parameter farDist
/home/steve/ogre/ogre/OgreMain/include/OgreFrustum.h:549: Warning: argument `radius' of command @param is not found in the argument list of Ogre::Frustum::projectSphere(const Sphere &sphere, Real *left, Real *top, Real *right, Real *bottom) const
/home/steve/ogre/ogre/OgreMain/include/OgreRenderable.h:236: Warning: argument `see' of command @param is not found in the argument list of Ogre::Renderable::getCustomParameter(size_t index) const
/home/steve/ogre/ogre/OgreMain/include/OgreRenderable.h:236: Warning: The following parameters of Ogre::Renderable::getCustomParameter(size_t index) const are not documented:
  parameter index
/home/steve/ogre/ogre/OgreMain/include/OgreGpuProgram.h:998: Warning: The following parameters of Ogre::GpuProgramParameters::_writeRawConstant(size_t physicalIndex, const Matrix4 *m, size_t numEntries) are not documented:
  parameter m
/home/steve/ogre/ogre/OgreMain/include/OgreGpuProgram.h:1207: Warning: argument `index' of command @param is not found in the argument list of Ogre::GpuProgramParameters::setNamedConstant(const String &name, const Vector3 &vec)
/home/steve/ogre/ogre/OgreMain/include/OgreGpuProgram.h:1207: Warning: The following parameters of Ogre::GpuProgramParameters::setNamedConstant(const String &name, const Vector3 &vec) are not documented:
  parameter name
/home/steve/ogre/ogre/OgreMain/include/OgreResourceManager.h:400: Warning: The following parameters of Ogre::ResourceManager::createImpl(const String &name, ResourceHandle handle, const String &group, bool isManual, ManualResourceLoader *loader, const NameValuePairList *createParams) are not documented:
  parameter handle
/home/steve/ogre/ogre/OgreMain/include/OgreHardwareOcclusionQuery.h:68: Warning: Found unknown command `\Remarks'
/home/steve/ogre/ogre/OgreMain/include/OgreHardwareOcclusionQuery.h:68: Warning: Found unknown command `\Remarks'
/home/steve/ogre/ogre/OgreMain/include/OgreHardwarePixelBuffer.h:110: Warning: argument `dst' of command @param is not found in the argument list of Ogre::HardwarePixelBuffer::blit(const HardwarePixelBufferSharedPtr &src, const Image::Box &srcBox, const Image::Box &dstBox)
/home/steve/ogre/ogre/OgreMain/include/OgreHardwarePixelBuffer.h:110: Warning: The following parameters of Ogre::HardwarePixelBuffer::blit(const HardwarePixelBufferSharedPtr &src, const Image::Box &srcBox, const Image::Box &dstBox) are not documented:
  parameter src
/home/steve/ogre/ogre/OgreMain/include/OgreHardwarePixelBuffer.h:159: Warning: argument `src' of command @param is not found in the argument list of Ogre::HardwarePixelBuffer::blitToMemory(const PixelBox &dst)
/home/steve/ogre/ogre/OgreMain/include/OgreHardwarePixelBuffer.h:159: Warning: The following parameters of Ogre::HardwarePixelBuffer::blitToMemory(const PixelBox &dst) are not documented:
  parameter dst
/home/steve/ogre/ogre/OgreMain/include/OgreHardwareVertexBuffer.h:367: Warning: The following parameters of Ogre::VertexDeclaration::insertElement(unsigned short atPosition, unsigned short source, size_t offset, VertexElementType theType, VertexElementSemantic semantic, unsigned short index=0) are not documented:
  parameter atPosition
/home/steve/ogre/ogre/OgreMain/include/OgreHighLevelGpuProgram.h:110: Warning: target GpuProgram::getBindingDelegate of \copydoc command not found
/home/steve/ogre/ogre/OgreMain/include/OgreHighLevelGpuProgram.h:110: Warning: target GpuProgram::getBindingDelegate of \copydoc command not found
<createImpl>:1: Warning: argument `createParams' of command @param is not found in the argument list of Ogre::HighLevelGpuProgramManager::createImpl(const String &name, ResourceHandle handle, const String &group, bool isManual, ManualResourceLoader *loader, const NameValuePairList *params)
<createImpl>:1: Warning: The following parameters of Ogre::HighLevelGpuProgramManager::createImpl(const String &name, ResourceHandle handle, const String &group, bool isManual, ManualResourceLoader *loader, const NameValuePairList *params) are not documented:
  parameter handle
  parameter params
<createImpl>:1: Warning: argument `createParams' of command @param is not found in the argument list of Ogre::HighLevelGpuProgramManager::createImpl(const String &name, ResourceHandle handle, const String &group, bool isManual, ManualResourceLoader *loader, const NameValuePairList *params)
<createImpl>:1: Warning: The following parameters of Ogre::HighLevelGpuProgramManager::createImpl(const String &name, ResourceHandle handle, const String &group, bool isManual, ManualResourceLoader *loader, const NameValuePairList *params) are not documented:
  parameter handle
  parameter params
/home/steve/ogre/ogre/OgreMain/include/OgreILUtil.h:72: Warning: argument `tar' of command @param is not found in the argument list of Ogre::ILUtil::toOgre(const PixelBox &dst)
/home/steve/ogre/ogre/OgreMain/include/OgreILUtil.h:72: Warning: argument `ogrefmt' of command @param is not found in the argument list of Ogre::ILUtil::toOgre(const PixelBox &dst)
/home/steve/ogre/ogre/OgreMain/include/OgreILUtil.h:72: Warning: The following parameters of Ogre::ILUtil::toOgre(const PixelBox &dst) are not documented:
  parameter dst
/home/steve/ogre/ogre/OgreMain/include/OgreImage.h:114: Warning: argument `The' of command @param is not found in the argument list of Ogre::Image::loadDynamicImage(uchar *pData, size_t uWidth, size_t uHeight, size_t depth, PixelFormat eFormat, bool autoDelete=false, size_t numFaces=1, size_t numMipMaps=0)
/home/steve/ogre/ogre/OgreMain/include/OgreImage.h:114: Warning: argument `Width' of command @param is not found in the argument list of Ogre::Image::loadDynamicImage(uchar *pData, size_t uWidth, size_t uHeight, size_t depth, PixelFormat eFormat, bool autoDelete=false, size_t numFaces=1, size_t numMipMaps=0)
/home/steve/ogre/ogre/OgreMain/include/OgreImage.h:114: Warning: argument `Height' of command @param is not found in the argument list of Ogre::Image::loadDynamicImage(uchar *pData, size_t uWidth, size_t uHeight, size_t depth, PixelFormat eFormat, bool autoDelete=false, size_t numFaces=1, size_t numMipMaps=0)
/home/steve/ogre/ogre/OgreMain/include/OgreImage.h:114: Warning: argument `Image' of command @param is not found in the argument list of Ogre::Image::loadDynamicImage(uchar *pData, size_t uWidth, size_t uHeight, size_t depth, PixelFormat eFormat, bool autoDelete=false, size_t numFaces=1, size_t numMipMaps=0)
/home/steve/ogre/ogre/OgreMain/include/OgreImage.h:114: Warning: argument `Pixel' of command @param is not found in the argument list of Ogre::Image::loadDynamicImage(uchar *pData, size_t uWidth, size_t uHeight, size_t depth, PixelFormat eFormat, bool autoDelete=false, size_t numFaces=1, size_t numMipMaps=0)
/home/steve/ogre/ogre/OgreMain/include/OgreImage.h:114: Warning: argument `if' of command @param is not found in the argument list of Ogre::Image::loadDynamicImage(uchar *pData, size_t uWidth, size_t uHeight, size_t depth, PixelFormat eFormat, bool autoDelete=false, size_t numFaces=1, size_t numMipMaps=0)
/home/steve/ogre/ogre/OgreMain/include/OgreImage.h:114: Warning: argument `the' of command @param is not found in the argument list of Ogre::Image::loadDynamicImage(uchar *pData, size_t uWidth, size_t uHeight, size_t depth, PixelFormat eFormat, bool autoDelete=false, size_t numFaces=1, size_t numMipMaps=0)
/home/steve/ogre/ogre/OgreMain/include/OgreImage.h:114: Warning: argument `the' of command @param is not found in the argument list of Ogre::Image::loadDynamicImage(uchar *pData, size_t uWidth, size_t uHeight, size_t depth, PixelFormat eFormat, bool autoDelete=false, size_t numFaces=1, size_t numMipMaps=0)
/home/steve/ogre/ogre/OgreMain/include/OgreImage.h:114: Warning: The following parameters of Ogre::Image::loadDynamicImage(uchar *pData, size_t uWidth, size_t uHeight, size_t depth, PixelFormat eFormat, bool autoDelete=false, size_t numFaces=1, size_t numMipMaps=0) are not documented:
  parameter pData
  parameter uWidth
  parameter uHeight
  parameter depth
  parameter eFormat
  parameter autoDelete
  parameter numFaces
  parameter numMipMaps
/home/steve/ogre/ogre/OgreMain/include/OgreImage.h:165: Warning: argument `The' of command @param is not found in the argument list of Ogre::Image::loadDynamicImage(uchar *pData, size_t uWidth, size_t uHeight, PixelFormat eFormat)
/home/steve/ogre/ogre/OgreMain/include/OgreImage.h:165: Warning: argument `Width' of command @param is not found in the argument list of Ogre::Image::loadDynamicImage(uchar *pData, size_t uWidth, size_t uHeight, PixelFormat eFormat)
/home/steve/ogre/ogre/OgreMain/include/OgreImage.h:165: Warning: argument `Height' of command @param is not found in the argument list of Ogre::Image::loadDynamicImage(uchar *pData, size_t uWidth, size_t uHeight, PixelFormat eFormat)
/home/steve/ogre/ogre/OgreMain/include/OgreImage.h:165: Warning: argument `Pixel' of command @param is not found in the argument list of Ogre::Image::loadDynamicImage(uchar *pData, size_t uWidth, size_t uHeight, PixelFormat eFormat)
/home/steve/ogre/ogre/OgreMain/include/OgreImage.h:165: Warning: The following parameters of Ogre::Image::loadDynamicImage(uchar *pData, size_t uWidth, size_t uHeight, PixelFormat eFormat) are not documented:
  parameter pData
  parameter uWidth
  parameter uHeight
  parameter eFormat
/home/steve/ogre/ogre/OgreMain/include/OgreInstancedGeometry.h:780: Warning: argument `size' of command @param is not found in the argument list of Ogre::InstancedGeometry::setOrigin(const Vector3 &origin)
/home/steve/ogre/ogre/OgreMain/include/OgreInstancedGeometry.h:780: Warning: The following parameters of Ogre::InstancedGeometry::setOrigin(const Vector3 &origin) are not documented:
  parameter origin
/home/steve/ogre/ogre/OgreMain/include/OgreRenderable.h:236: Warning: argument `see' of command @param is not found in the argument list of Ogre::Renderable::getCustomParameter(size_t index) const
/home/steve/ogre/ogre/OgreMain/include/OgreRenderable.h:236: Warning: The following parameters of Ogre::Renderable::getCustomParameter(size_t index) const are not documented:
  parameter index
/home/steve/ogre/ogre/OgreMain/include/OgreLight.h:242: Warning: Found unknown command `\node'
/home/steve/ogre/ogre/OgreMain/include/OgreLog.h:144: Warning: argument `A' of command @param is not found in the argument list of Ogre::Log::addListener(LogListener *listener)
/home/steve/ogre/ogre/OgreMain/include/OgreLog.h:144: Warning: The following parameters of Ogre::Log::addListener(LogListener *listener) are not documented:
  parameter listener
/home/steve/ogre/ogre/OgreMain/include/OgreLog.h:152: Warning: argument `A' of command @param is not found in the argument list of Ogre::Log::removeListener(LogListener *listener)
/home/steve/ogre/ogre/OgreMain/include/OgreLog.h:152: Warning: The following parameters of Ogre::Log::removeListener(LogListener *listener) are not documented:
  parameter listener
/home/steve/ogre/ogre/OgreMain/include/OgreManualObject.h:241: Warning: The following parameters of Ogre::ManualObject::quad(uint32 i1, uint32 i2, uint32 i3, uint32 i4) are not documented:
  parameter i4
/home/steve/ogre/ogre/OgreMain/include/OgreManualObject.h:257: Warning: argument `subIndex' of command @param is not found in the argument list of Ogre::ManualObject::setMaterialName(size_t subindex, const String &name)
/home/steve/ogre/ogre/OgreMain/include/OgreManualObject.h:257: Warning: The following parameters of Ogre::ManualObject::setMaterialName(size_t subindex, const String &name) are not documented:
  parameter subindex
/home/steve/ogre/ogre/OgreMain/include/OgreRenderable.h:236: Warning: argument `see' of command @param is not found in the argument list of Ogre::Renderable::getCustomParameter(size_t index) const
/home/steve/ogre/ogre/OgreMain/include/OgreRenderable.h:236: Warning: The following parameters of Ogre::Renderable::getCustomParameter(size_t index) const are not documented:
  parameter index
/home/steve/ogre/ogre/OgreMain/include/OgreRenderable.h:236: Warning: argument `see' of command @param is not found in the argument list of Ogre::Renderable::getCustomParameter(size_t index) const
/home/steve/ogre/ogre/OgreMain/include/OgreRenderable.h:236: Warning: The following parameters of Ogre::Renderable::getCustomParameter(size_t index) const are not documented:
  parameter index
/home/steve/ogre/ogre/OgreMain/include/OgreMaterialSerializer.h:199: Warning: The following parameters of Ogre::MaterialSerializer::exportMaterial(const MaterialPtr &pMat, const String &filename, bool exportDefaults=false, const bool includeProgDef=false, const String &programFilename="") are not documented:
  parameter pMat
  parameter filename
/home/steve/ogre/ogre/OgreMain/include/OgreMath.h:508: Warning: argument `plaeList' of command @param is not found in the argument list of Ogre::Math::intersects(const Ray &ray, const std::vector< Plane > &planeList, bool normalIsOutside)
/home/steve/ogre/ogre/OgreMain/include/OgreMath.h:508: Warning: The following parameters of Ogre::Math::intersects(const Ray &ray, const std::vector< Plane > &planeList, bool normalIsOutside) are not documented:
  parameter planeList
/home/steve/ogre/ogre/OgreMain/include/OgreMath.h:516: Warning: argument `plaeList' of command @param is not found in the argument list of Ogre::Math::intersects(const Ray &ray, const std::list< Plane > &planeList, bool normalIsOutside)
/home/steve/ogre/ogre/OgreMain/include/OgreMath.h:516: Warning: The following parameters of Ogre::Math::intersects(const Ray &ray, const std::list< Plane > &planeList, bool normalIsOutside) are not documented:
  parameter planeList
/home/steve/ogre/ogre/OgreMain/include/OgreMesh.h:301: Warning: The following parameters of Ogre::Mesh::_setBounds(const AxisAlignedBox &bounds, bool pad=true) are not documented:
  parameter bounds
/home/steve/ogre/ogre/OgreMain/include/OgreMesh.h:651: Warning: Found unknown command `\lodIndex'
/home/steve/ogre/ogre/OgreMain/include/OgreMesh.h:659: Warning: Found unknown command `\lodIndex'
<createImpl>:1: Warning: The following parameters of Ogre::MeshManager::createImpl(const String &name, ResourceHandle handle, const String &group, bool isManual, ManualResourceLoader *loader, const NameValuePairList *createParams) are not documented:
  parameter handle
/home/steve/ogre/ogre/OgreMain/include/OgreMeshManager.h:62: Warning: The following parameters of Ogre::MeshManager::createOrRetrieve(const String &name, const String &group, bool isManual=false, ManualResourceLoader *loader=0, const NameValuePairList *params=0, HardwareBuffer::Usage vertexBufferUsage=HardwareBuffer::HBU_STATIC_WRITE_ONLY, HardwareBuffer::Usage indexBufferUsage=HardwareBuffer::HBU_STATIC_WRITE_ONLY, bool vertexBufferShadowed=true, bool indexBufferShadowed=true) are not documented:
  parameter name
  parameter group
  parameter isManual
  parameter loader
  parameter params
/home/steve/ogre/ogre/OgreMain/include/OgreMeshManager.h:264: Warning: argument `uTile' of command @param is not found in the argument list of Ogre::MeshManager::createCurvedPlane(const String &name, const String &groupName, const Plane &plane, Real width, Real height, Real bow=0.5f, int xsegments=1, int ysegments=1, bool normals=false, int numTexCoordSets=1, Real xTile=1.0f, Real yTile=1.0f, const Vector3 &upVector=Vector3::UNIT_Y, HardwareBuffer::Usage vertexBufferUsage=HardwareBuffer::HBU_STATIC_WRITE_ONLY, HardwareBuffer::Usage indexBufferUsage=HardwareBuffer::HBU_STATIC_WRITE_ONLY, bool vertexShadowBuffer=true, bool indexShadowBuffer=true)
/home/steve/ogre/ogre/OgreMain/include/OgreMeshManager.h:264: Warning: argument `vTile' of command @param is not found in the argument list of Ogre::MeshManager::createCurvedPlane(const String &name, const String &groupName, const Plane &plane, Real width, Real height, Real bow=0.5f, int xsegments=1, int ysegments=1, bool normals=false, int numTexCoordSets=1, Real xTile=1.0f, Real yTile=1.0f, const Vector3 &upVector=Vector3::UNIT_Y, HardwareBuffer::Usage vertexBufferUsage=HardwareBuffer::HBU_STATIC_WRITE_ONLY, HardwareBuffer::Usage indexBufferUsage=HardwareBuffer::HBU_STATIC_WRITE_ONLY, bool vertexShadowBuffer=true, bool indexShadowBuffer=true)
/home/steve/ogre/ogre/OgreMain/include/OgreMeshManager.h:264: Warning: The following parameters of Ogre::MeshManager::createCurvedPlane(const String &name, const String &groupName, const Plane &plane, Real width, Real height, Real bow=0.5f, int xsegments=1, int ysegments=1, bool normals=false, int numTexCoordSets=1, Real xTile=1.0f, Real yTile=1.0f, const Vector3 &upVector=Vector3::UNIT_Y, HardwareBuffer::Usage vertexBufferUsage=HardwareBuffer::HBU_STATIC_WRITE_ONLY, HardwareBuffer::Usage indexBufferUsage=HardwareBuffer::HBU_STATIC_WRITE_ONLY, bool vertexShadowBuffer=true, bool indexShadowBuffer=true) are not documented:
  parameter xTile
  parameter yTile
<createImpl>:1: Warning: The following parameters of Ogre::MeshManager::createImpl(const String &name, ResourceHandle handle, const String &group, bool isManual, ManualResourceLoader *loader, const NameValuePairList *createParams) are not documented:
  parameter handle
/home/steve/ogre/ogre/OgreMain/include/OgreMeshSerializerImpl.h:67: Warning: The following parameters of Ogre::MeshSerializerImpl::importMesh(DataStreamPtr &stream, Mesh *pDest, MeshSerializerListener *listener) are not documented:
  parameter listener
/home/steve/ogre/ogre/OgreMain/include/OgreMeshSerializerImpl.h:67: Warning: The following parameters of Ogre::MeshSerializerImpl::importMesh(DataStreamPtr &stream, Mesh *pDest, MeshSerializerListener *listener) are not documented:
  parameter listener
/home/steve/ogre/ogre/OgreMain/include/OgreMeshSerializerImpl.h:67: Warning: The following parameters of Ogre::MeshSerializerImpl::importMesh(DataStreamPtr &stream, Mesh *pDest, MeshSerializerListener *listener) are not documented:
  parameter listener
/home/steve/ogre/ogre/OgreMain/include/OgreMeshSerializerImpl.h:67: Warning: The following parameters of Ogre::MeshSerializerImpl::importMesh(DataStreamPtr &stream, Mesh *pDest, MeshSerializerListener *listener) are not documented:
  parameter listener
/home/steve/ogre/ogre/OgreMain/include/OgreNode.h:493: Warning: The following parameters of Ogre::Node::createChild(const String &name, const Vector3 &translate=Vector3::ZERO, const Quaternion &rotate=Quaternion::IDENTITY) are not documented:
  parameter name
/home/steve/ogre/ogre/OgreMain/include/OgreNode.h:684: Warning: The following parameters of Ogre::Node::requestUpdate(Node *child, bool forceParentUpdate=false) are not documented:
  parameter child
/home/steve/ogre/ogre/OgreMain/include/OgreRenderable.h:236: Warning: argument `see' of command @param is not found in the argument list of Ogre::Renderable::getCustomParameter(size_t index) const
/home/steve/ogre/ogre/OgreMain/include/OgreRenderable.h:236: Warning: The following parameters of Ogre::Renderable::getCustomParameter(size_t index) const are not documented:
  parameter index
/home/steve/ogre/ogre/OgreMain/include/OgreRenderable.h:236: Warning: argument `see' of command @param is not found in the argument list of Ogre::Renderable::getCustomParameter(size_t index) const
/home/steve/ogre/ogre/OgreMain/include/OgreRenderable.h:236: Warning: The following parameters of Ogre::Renderable::getCustomParameter(size_t index) const are not documented:
  parameter index
/home/steve/ogre/ogre/OgreMain/include/OgreRenderable.h:236: Warning: argument `see' of command @param is not found in the argument list of Ogre::Renderable::getCustomParameter(size_t index) const
/home/steve/ogre/ogre/OgreMain/include/OgreRenderable.h:236: Warning: The following parameters of Ogre::Renderable::getCustomParameter(size_t index) const are not documented:
  parameter index
/home/steve/ogre/ogre/OgreMain/include/OgreOverlayManager.h:134: Warning: The following parameters of Ogre::OverlayManager::createOverlayElement(const String &typeName, const String &instanceName, bool isTemplate=false) are not documented:
  parameter isTemplate
/home/steve/ogre/ogre/OgreMain/include/OgreRenderable.h:236: Warning: argument `see' of command @param is not found in the argument list of Ogre::Renderable::getCustomParameter(size_t index) const
/home/steve/ogre/ogre/OgreMain/include/OgreRenderable.h:236: Warning: The following parameters of Ogre::Renderable::getCustomParameter(size_t index) const are not documented:
  parameter index
/home/steve/ogre/ogre/OgreMain/include/OgreParticleEmitter.h:214: Warning: argument `degrees' of command @param is not found in the argument list of Ogre::ParticleEmitter::setAngle(const Radian &angle)
/home/steve/ogre/ogre/OgreMain/include/OgreParticleEmitter.h:214: Warning: The following parameters of Ogre::ParticleEmitter::setAngle(const Radian &angle) are not documented:
  parameter angle
/home/steve/ogre/ogre/OgreMain/include/OgreParticleSystemManager.h:258: Warning: argument `effectorType' of command @param is not found in the argument list of Ogre::ParticleSystemManager::_createAffector(const String &affectorType, ParticleSystem *psys)
/home/steve/ogre/ogre/OgreMain/include/OgreParticleSystemManager.h:258: Warning: The following parameters of Ogre::ParticleSystemManager::_createAffector(const String &affectorType, ParticleSystem *psys) are not documented:
  parameter affectorType
/home/steve/ogre/ogre/OgreMain/include/OgreFactoryObj.h:57: Warning: argument `ptr' of command @param is not found in the argument list of Ogre::FactoryObj< T >::destroyInstance(T *)
/home/steve/ogre/ogre/OgreMain/include/OgrePass.h:488: Warning: argument `name' of command @param is not found in the argument list of Ogre::Pass::createTextureUnitState(const String &textureName, unsigned short texCoordSet=0)
/home/steve/ogre/ogre/OgreMain/include/OgrePass.h:488: Warning: The following parameters of Ogre::Pass::createTextureUnitState(const String &textureName, unsigned short texCoordSet=0) are not documented:
  parameter textureName
/home/steve/ogre/ogre/OgreMain/include/OgreMesh.h:301: Warning: The following parameters of Ogre::Mesh::_setBounds(const AxisAlignedBox &bounds, bool pad=true) are not documented:
  parameter bounds
/home/steve/ogre/ogre/OgreMain/include/OgreMesh.h:651: Warning: Found unknown command `\lodIndex'
/home/steve/ogre/ogre/OgreMain/include/OgreMesh.h:659: Warning: Found unknown command `\lodIndex'
/home/steve/ogre/ogre/OgreMain/include/OgrePatchSurface.h:132: Warning: The following parameters of Ogre::PatchSurface::build(HardwareVertexBufferSharedPtr destVertexBuffer, size_t vertexStart, HardwareIndexBufferSharedPtr destIndexBuffer, size_t indexStart) are not documented:
  parameter indexStart
/home/steve/ogre/ogre/OgreMain/include/OgrePixelFormat.h:452: Warning: argument `dst' of command @param is not found in the argument list of Ogre::PixelUtil::bulkPixelConversion(void *src, PixelFormat srcFormat, void *dest, PixelFormat dstFormat, unsigned int count)
/home/steve/ogre/ogre/OgreMain/include/OgrePixelFormat.h:452: Warning: The following parameters of Ogre::PixelUtil::bulkPixelConversion(void *src, PixelFormat srcFormat, void *dest, PixelFormat dstFormat, unsigned int count) are not documented:
  parameter dest
  parameter count
/home/steve/ogre/ogre/OgreMain/include/OgrePredefinedControllers.h:171: Warning: argument `sequenceTime' of command @param is not found in the argument list of Ogre::PassthroughControllerFunction::PassthroughControllerFunction(bool deltaInput=false)
/home/steve/ogre/ogre/OgreMain/include/OgrePredefinedControllers.h:171: Warning: argument `timeOffset' of command @param is not found in the argument list of Ogre::PassthroughControllerFunction::PassthroughControllerFunction(bool deltaInput=false)
/home/steve/ogre/ogre/OgreMain/include/OgrePredefinedControllers.h:171: Warning: The following parameters of Ogre::PassthroughControllerFunction::PassthroughControllerFunction(bool deltaInput=false) are not documented:
  parameter deltaInput
/home/steve/ogre/ogre/OgreMain/include/OgrePredefinedControllers.h:267: Warning: The following parameters of Ogre::WaveformControllerFunction::WaveformControllerFunction(WaveformType wType, Real base=0, Real frequency=1, Real phase=0, Real amplitude=1, bool deltaInput=true, Real dutyCycle=0.5) are not documented:
  parameter wType
  parameter base
  parameter frequency
  parameter phase
  parameter amplitude
/home/steve/ogre/ogre/OgreMain/include/OgreProfiler.h:179: Warning: The following parameters of Ogre::Profiler::watchForLimit(const String &profileName, Real limit, bool greaterThan=true) are not documented:
  parameter profileName
/home/steve/ogre/ogre/OgreMain/include/OgreProgressiveMesh.h:84: Warning: argument `buffer' of command @param is not found in the argument list of Ogre::ProgressiveMesh::addExtraVertexPositionBuffer(const VertexData *vertexData)
/home/steve/ogre/ogre/OgreMain/include/OgreProgressiveMesh.h:84: Warning: The following parameters of Ogre::ProgressiveMesh::addExtraVertexPositionBuffer(const VertexData *vertexData) are not documented:
  parameter vertexData
/home/steve/ogre/ogre/OgreMain/include/OgreRectangle2D.h:56: Warning: The following parameters of Ogre::Rectangle2D::setCorners(Real left, Real top, Real right, Real bottom) are not documented:
  parameter top
  parameter right
  parameter bottom
/home/steve/ogre/ogre/OgreMain/include/OgreRenderable.h:236: Warning: argument `see' of command @param is not found in the argument list of Ogre::Renderable::getCustomParameter(size_t index) const
/home/steve/ogre/ogre/OgreMain/include/OgreRenderable.h:236: Warning: The following parameters of Ogre::Renderable::getCustomParameter(size_t index) const are not documented:
  parameter index
/home/steve/ogre/ogre/OgreMain/include/OgreRenderable.h:236: Warning: argument `see' of command @param is not found in the argument list of Ogre::Renderable::getCustomParameter(size_t index) const
/home/steve/ogre/ogre/OgreMain/include/OgreRenderable.h:236: Warning: The following parameters of Ogre::Renderable::getCustomParameter(size_t index) const are not documented:
  parameter index
/home/steve/ogre/ogre/OgreMain/include/OgreRenderQueue.h:178: Warning: argument `groupID' of command @param is not found in the argument list of Ogre::RenderQueue::addRenderable(Renderable *pRend, uint8 groupId)
/home/steve/ogre/ogre/OgreMain/include/OgreRenderQueue.h:178: Warning: The following parameters of Ogre::RenderQueue::addRenderable(Renderable *pRend, uint8 groupId) are not documented:
  parameter groupId
/home/steve/ogre/ogre/OgreMain/include/OgreRenderSystem.h:188: Warning: The following parameters of Ogre::RenderSystem::_initialise(bool autoCreateWindow, const String &windowTitle="OGRE Render Window") are not documented:
  parameter windowTitle
/home/steve/ogre/ogre/OgreMain/include/OgreRenderSystem.h:465: Warning: Unsupported xml/html tag <Context> found
/home/steve/ogre/ogre/OgreMain/include/OgreRenderSystem.h:658: Warning: argument `val' of command @param is not found in the argument list of Ogre::RenderSystem::_setAlphaRejectSettings(CompareFunction func, unsigned char value, bool alphaToCoverage)
/home/steve/ogre/ogre/OgreMain/include/OgreRenderSystem.h:658: Warning: The following parameters of Ogre::RenderSystem::_setAlphaRejectSettings(CompareFunction func, unsigned char value, bool alphaToCoverage) are not documented:
  parameter value
/home/steve/ogre/ogre/OgreMain/include/OgreRenderSystem.h:681: Warning: argument `target' of command @param is not found in the argument list of Ogre::RenderSystem::_setViewport(Viewport *vp)
/home/steve/ogre/ogre/OgreMain/include/OgreRenderSystem.h:681: Warning: The following parameters of Ogre::RenderSystem::_setViewport(Viewport *vp) are not documented:
  parameter vp
/home/steve/ogre/ogre/OgreMain/include/OgreRenderWindow.h:63: Warning: argument `colourDepth' of command @param is not found in the argument list of Ogre::RenderWindow::create(const String &name, unsigned int width, unsigned int height, bool fullScreen, const NameValuePairList *miscParams)
/home/steve/ogre/ogre/OgreMain/include/OgreRenderWindow.h:63: Warning: argument `left' of command @param is not found in the argument list of Ogre::RenderWindow::create(const String &name, unsigned int width, unsigned int height, bool fullScreen, const NameValuePairList *miscParams)
/home/steve/ogre/ogre/OgreMain/include/OgreRenderWindow.h:63: Warning: argument `top' of command @param is not found in the argument list of Ogre::RenderWindow::create(const String &name, unsigned int width, unsigned int height, bool fullScreen, const NameValuePairList *miscParams)
/home/steve/ogre/ogre/OgreMain/include/OgreRenderWindow.h:63: Warning: argument `depthBuffer' of command @param is not found in the argument list of Ogre::RenderWindow::create(const String &name, unsigned int width, unsigned int height, bool fullScreen, const NameValuePairList *miscParams)
/home/steve/ogre/ogre/OgreMain/include/OgreRenderWindow.h:63: Warning: argument `miscParam' of command @param is not found in the argument list of Ogre::RenderWindow::create(const String &name, unsigned int width, unsigned int height, bool fullScreen, const NameValuePairList *miscParams)
/home/steve/ogre/ogre/OgreMain/include/OgreRenderWindow.h:63: Warning: The following parameters of Ogre::RenderWindow::create(const String &name, unsigned int width, unsigned int height, bool fullScreen, const NameValuePairList *miscParams) are not documented:
  parameter name
  parameter miscParams
/home/steve/ogre/ogre/OgreMain/include/OgreResource.h:211: Warning: The following parameters of Ogre::Resource::Resource(ResourceManager *creator, const String &name, ResourceHandle handle, const String &group, bool isManual=false, ManualResourceLoader *loader=0) are not documented:
  parameter handle
/home/steve/ogre/ogre/OgreMain/include/OgreResourceBackgroundQueue.h:213: Warning: argument `listener' of command @param is not found in the argument list of Ogre::ResourceBackgroundQueue::queueFireBackgroundOperationComplete(Request *req)
/home/steve/ogre/ogre/OgreMain/include/OgreResourceBackgroundQueue.h:213: Warning: argument `ticket' of command @param is not found in the argument list of Ogre::ResourceBackgroundQueue::queueFireBackgroundOperationComplete(Request *req)
/home/steve/ogre/ogre/OgreMain/include/OgreResourceBackgroundQueue.h:213: Warning: The following parameters of Ogre::ResourceBackgroundQueue::queueFireBackgroundOperationComplete(Request *req) are not documented:
  parameter req
/home/steve/ogre/ogre/OgreMain/include/OgreResourceBackgroundQueue.h:310: Warning: The following parameters of Ogre::ResourceBackgroundQueue::unload(const String &resType, const String &name, Listener *listener=0) are not documented:
  parameter listener
/home/steve/ogre/ogre/OgreMain/include/OgreResourceBackgroundQueue.h:320: Warning: The following parameters of Ogre::ResourceBackgroundQueue::unload(const String &resType, ResourceHandle handle, Listener *listener=0) are not documented:
  parameter listener
/home/steve/ogre/ogre/OgreMain/include/OgreResourceBackgroundQueue.h:330: Warning: The following parameters of Ogre::ResourceBackgroundQueue::unloadResourceGroup(const String &name, Listener *listener=0) are not documented:
  parameter listener
/home/steve/ogre/ogre/OgreMain/include/OgreResourceBackgroundQueue.h:340: Warning: The following parameters of Ogre::ResourceBackgroundQueue::prepare(const String &resType, const String &name, const String &group, bool isManual=false, ManualResourceLoader *loader=0, const NameValuePairList *loadParams=0, Listener *listener=0) are not documented:
  parameter listener
/home/steve/ogre/ogre/OgreMain/include/OgreResourceBackgroundQueue.h:362: Warning: The following parameters of Ogre::ResourceBackgroundQueue::load(const String &resType, const String &name, const String &group, bool isManual=false, ManualResourceLoader *loader=0, const NameValuePairList *loadParams=0, Listener *listener=0) are not documented:
  parameter listener
/home/steve/ogre/ogre/OgreMain/include/OgreResourceGroupManager.h:129: Warning: argument `description' of command @param is not found in the argument list of Ogre::ResourceGroupListener::worldGeometryPrepareStageEnded(void)
/home/steve/ogre/ogre/OgreMain/include/OgreResourceGroupManager.h:157: Warning: argument `description' of command @param is not found in the argument list of Ogre::ResourceGroupListener::worldGeometryStageEnded(void)
/home/steve/ogre/ogre/OgreMain/include/OgreResourceManager.h:400: Warning: The following parameters of Ogre::ResourceManager::createImpl(const String &name, ResourceHandle handle, const String &group, bool isManual, ManualResourceLoader *loader, const NameValuePairList *createParams) are not documented:
  parameter handle
/home/steve/ogre/ogre/OgreMain/include/OgreRibbonTrail.h:68: Warning: argument `useVertexColours' of command @param is not found in the argument list of Ogre::RibbonTrail::RibbonTrail(const String &name, size_t maxElements=20, size_t numberOfChains=1, bool useTextureCoords=true, bool useColours=true)
/home/steve/ogre/ogre/OgreMain/include/OgreRibbonTrail.h:68: Warning: The following parameters of Ogre::RibbonTrail::RibbonTrail(const String &name, size_t maxElements=20, size_t numberOfChains=1, bool useTextureCoords=true, bool useColours=true) are not documented:
  parameter useColours
/home/steve/ogre/ogre/OgreMain/include/OgreRenderable.h:236: Warning: argument `see' of command @param is not found in the argument list of Ogre::Renderable::getCustomParameter(size_t index) const
/home/steve/ogre/ogre/OgreMain/include/OgreRenderable.h:236: Warning: The following parameters of Ogre::Renderable::getCustomParameter(size_t index) const are not documented:
  parameter index
/home/steve/ogre/ogre/OgreMain/include/OgreRoot.h:644: Warning: Unsupported xml/html tag <Context> found
/home/steve/ogre/ogre/OgreMain/include/OgreRoot.h:566: Warning: target RenderSystem::_createRenderWindow of \copydoc command not found
/home/steve/ogre/ogre/OgreMain/include/OgreRoot.h:284: Warning: The following parameters of Ogre::Root::initialise(bool autoCreateWindow, const String &windowTitle="OGRE Render Window", const String &customCapabilitiesConfig=StringUtil::BLANK) are not documented:
  parameter windowTitle
  parameter customCapabilitiesConfig
/home/steve/ogre/ogre/OgreMain/include/OgreRoot.h:644: Warning: Unsupported xml/html tag <Context> found
/home/steve/ogre/ogre/OgreMain/include/OgreRoot.h:782: Warning: argument `name' of command @param is not found in the argument list of Ogre::Root::destroyAllRenderQueueInvocationSequences(void)
/home/steve/ogre/ogre/OgreMain/include/OgreSceneManager.h:1876: Warning: The following parameters of Ogre::SceneManager::setSkyDome(bool enable, const String &materialName, Real curvature=10, Real tiling=8, Real distance=4000, bool drawFirst=true, const Quaternion &orientation=Quaternion::IDENTITY, int xsegments=16, int ysegments=16, int ysegments_keep=-1, const String &groupName=ResourceGroupManager::DEFAULT_RESOURCE_GROUP_NAME) are not documented:
  parameter xsegments
  parameter ysegments
  parameter ysegments_keep
/home/steve/ogre/ogre/OgreMain/include/OgreSceneManager.h:1938: Warning: The following parameters of Ogre::SceneManager::_setSkyDome(bool enable, const String &materialName, Real curvature=10, Real tiling=8, Real distance=4000, uint8 renderQueue=RENDER_QUEUE_SKIES_EARLY, const Quaternion &orientation=Quaternion::IDENTITY, int xsegments=16, int ysegments=16, int ysegments_keep=-1, const String &groupName=ResourceGroupManager::DEFAULT_RESOURCE_GROUP_NAME) are not documented:
  parameter xsegments
  parameter ysegments
  parameter ysegments_keep
/home/steve/ogre/ogre/OgreMain/include/OgreSceneManager.h:1876: Warning: The following parameters of Ogre::SceneManager::setSkyDome(bool enable, const String &materialName, Real curvature=10, Real tiling=8, Real distance=4000, bool drawFirst=true, const Quaternion &orientation=Quaternion::IDENTITY, int xsegments=16, int ysegments=16, int ysegments_keep=-1, const String &groupName=ResourceGroupManager::DEFAULT_RESOURCE_GROUP_NAME) are not documented:
  parameter xsegments
  parameter ysegments
  parameter ysegments_keep
/home/steve/ogre/ogre/OgreMain/include/OgreSceneManager.h:1938: Warning: The following parameters of Ogre::SceneManager::_setSkyDome(bool enable, const String &materialName, Real curvature=10, Real tiling=8, Real distance=4000, uint8 renderQueue=RENDER_QUEUE_SKIES_EARLY, const Quaternion &orientation=Quaternion::IDENTITY, int xsegments=16, int ysegments=16, int ysegments_keep=-1, const String &groupName=ResourceGroupManager::DEFAULT_RESOURCE_GROUP_NAME) are not documented:
  parameter xsegments
  parameter ysegments
  parameter ysegments_keep
/home/steve/ogre/ogre/OgreMain/include/OgreSceneNode.h:184: Warning: The following parameters of Ogre::SceneNode::_findVisibleObjects(Camera *cam, RenderQueue *queue, VisibleObjectsBoundsInfo *visibleBounds, bool includeChildren=true, bool displayNodes=false, bool onlyShadowCasters=false) are not documented:
  parameter onlyShadowCasters
/home/steve/ogre/ogre/OgreMain/include/OgreSceneNode.h:304: Warning: The following parameters of Ogre::SceneNode::createChildSceneNode(const String &name, const Vector3 &translate=Vector3::ZERO, const Quaternion &rotate=Quaternion::IDENTITY) are not documented:
  parameter name
/home/steve/ogre/ogre/OgreMain/include/OgreNode.h:493: Warning: The following parameters of Ogre::Node::createChild(const String &name, const Vector3 &translate=Vector3::ZERO, const Quaternion &rotate=Quaternion::IDENTITY) are not documented:
  parameter name
/home/steve/ogre/ogre/OgreMain/include/OgreNode.h:684: Warning: The following parameters of Ogre::Node::requestUpdate(Node *child, bool forceParentUpdate=false) are not documented:
  parameter child
/home/steve/ogre/ogre/OgreMain/include/OgreRenderable.h:236: Warning: argument `see' of command @param is not found in the argument list of Ogre::Renderable::getCustomParameter(size_t index) const
/home/steve/ogre/ogre/OgreMain/include/OgreRenderable.h:236: Warning: The following parameters of Ogre::Renderable::getCustomParameter(size_t index) const are not documented:
  parameter index
/home/steve/ogre/ogre/OgreMain/include/OgreShadowCameraSetupFocused.h:166: Warning: Found unknown command `\cap'
/home/steve/ogre/ogre/OgreMain/include/OgreShadowCameraSetupFocused.h:166: Warning: Found unknown command `\cap'
/home/steve/ogre/ogre/OgreMain/include/OgreShadowCameraSetupFocused.h:166: Warning: Found unknown command `\cap'
/home/steve/ogre/ogre/OgreMain/include/OgreShadowCameraSetupFocused.h:166: Warning: Found unknown command `\cap'
/home/steve/ogre/ogre/OgreMain/include/OgreShadowCameraSetupFocused.h:183: Warning: argument `scene' of command @param is not found in the argument list of Ogre::FocusedShadowCameraSetup::calculateLVS(const SceneManager &sm, const Camera &cam, const Light &light, const AxisAlignedBox &sceneBB, PointListBody *out_LVS) const
/home/steve/ogre/ogre/OgreMain/include/OgreShadowCameraSetupFocused.h:183: Warning: The following parameters of Ogre::FocusedShadowCameraSetup::calculateLVS(const SceneManager &sm, const Camera &cam, const Light &light, const AxisAlignedBox &sceneBB, PointListBody *out_LVS) const are not documented:
  parameter sm
  parameter sceneBB
/home/steve/ogre/ogre/OgreMain/include/OgreShadowCameraSetupLiSPSM.h:56: Warning: Unsupported xml/html tag <near> found
/home/steve/ogre/ogre/OgreMain/include/OgreShadowCameraSetupFocused.h:166: Warning: Found unknown command `\cap'
/home/steve/ogre/ogre/OgreMain/include/OgreShadowCameraSetupFocused.h:166: Warning: Found unknown command `\cap'
/home/steve/ogre/ogre/OgreMain/include/OgreShadowCameraSetupFocused.h:166: Warning: Found unknown command `\cap'
/home/steve/ogre/ogre/OgreMain/include/OgreShadowCameraSetupFocused.h:166: Warning: Found unknown command `\cap'
/home/steve/ogre/ogre/OgreMain/include/OgreShadowCameraSetupFocused.h:183: Warning: argument `scene' of command @param is not found in the argument list of Ogre::FocusedShadowCameraSetup::calculateLVS(const SceneManager &sm, const Camera &cam, const Light &light, const AxisAlignedBox &sceneBB, PointListBody *out_LVS) const
/home/steve/ogre/ogre/OgreMain/include/OgreShadowCameraSetupFocused.h:183: Warning: The following parameters of Ogre::FocusedShadowCameraSetup::calculateLVS(const SceneManager &sm, const Camera &cam, const Light &light, const AxisAlignedBox &sceneBB, PointListBody *out_LVS) const are not documented:
  parameter sm
  parameter sceneBB
/home/steve/ogre/ogre/OgreMain/include/OgreShadowCameraSetupFocused.h:166: Warning: Found unknown command `\cap'
/home/steve/ogre/ogre/OgreMain/include/OgreShadowCameraSetupFocused.h:166: Warning: Found unknown command `\cap'
/home/steve/ogre/ogre/OgreMain/include/OgreShadowCameraSetupFocused.h:166: Warning: Found unknown command `\cap'
/home/steve/ogre/ogre/OgreMain/include/OgreShadowCameraSetupFocused.h:166: Warning: Found unknown command `\cap'
/home/steve/ogre/ogre/OgreMain/include/OgreShadowCameraSetupFocused.h:183: Warning: argument `scene' of command @param is not found in the argument list of Ogre::FocusedShadowCameraSetup::calculateLVS(const SceneManager &sm, const Camera &cam, const Light &light, const AxisAlignedBox &sceneBB, PointListBody *out_LVS) const
/home/steve/ogre/ogre/OgreMain/include/OgreShadowCameraSetupFocused.h:183: Warning: The following parameters of Ogre::FocusedShadowCameraSetup::calculateLVS(const SceneManager &sm, const Camera &cam, const Light &light, const AxisAlignedBox &sceneBB, PointListBody *out_LVS) const are not documented:
  parameter sm
  parameter sceneBB
/home/steve/ogre/ogre/OgreMain/include/OgreRenderable.h:236: Warning: argument `see' of command @param is not found in the argument list of Ogre::Renderable::getCustomParameter(size_t index) const
/home/steve/ogre/ogre/OgreMain/include/OgreRenderable.h:236: Warning: The following parameters of Ogre::Renderable::getCustomParameter(size_t index) const are not documented:
  parameter index
/home/steve/ogre/ogre/OgreMain/include/OgreSharedPtr.h:72: Warning: argument `freeMode' of command @param is not found in the argument list of Ogre::SharedPtr< T >::SharedPtr(Y *rep, SharedPtrFreeMethod freeMethod=SPFM_DELETE)
/home/steve/ogre/ogre/OgreMain/include/OgreSharedPtr.h:72: Warning: The following parameters of Ogre::SharedPtr::SharedPtr(Y *rep, SharedPtrFreeMethod freeMethod=SPFM_DELETE) are not documented:
  parameter freeMethod
/home/steve/ogre/ogre/OgreMain/include/OgreRenderable.h:236: Warning: argument `see' of command @param is not found in the argument list of Ogre::Renderable::getCustomParameter(size_t index) const
/home/steve/ogre/ogre/OgreMain/include/OgreRenderable.h:236: Warning: The following parameters of Ogre::Renderable::getCustomParameter(size_t index) const are not documented:
  parameter index
/home/steve/ogre/ogre/OgreMain/include/OgreSkeleton.h:240: Warning: unexpected end of comment block while parsing the argument of command param
/home/steve/ogre/ogre/OgreMain/include/OgreSkeleton.h:240: Warning: unexpected end of comment block while parsing the argument of command param
<createImpl>:1: Warning: The following parameters of Ogre::SkeletonManager::createImpl(const String &name, ResourceHandle handle, const String &group, bool isManual, ManualResourceLoader *loader, const NameValuePairList *createParams) are not documented:
  parameter handle
<createImpl>:1: Warning: The following parameters of Ogre::SkeletonManager::createImpl(const String &name, ResourceHandle handle, const String &group, bool isManual, ManualResourceLoader *loader, const NameValuePairList *createParams) are not documented:
  parameter handle
/home/steve/ogre/ogre/OgreMain/include/OgreStaticGeometry.h:707: Warning: argument `size' of command @param is not found in the argument list of Ogre::StaticGeometry::setOrigin(const Vector3 &origin)
/home/steve/ogre/ogre/OgreMain/include/OgreStaticGeometry.h:707: Warning: The following parameters of Ogre::StaticGeometry::setOrigin(const Vector3 &origin) are not documented:
  parameter origin
/home/steve/ogre/ogre/OgreMain/include/OgreRenderable.h:236: Warning: argument `see' of command @param is not found in the argument list of Ogre::Renderable::getCustomParameter(size_t index) const
/home/steve/ogre/ogre/OgreMain/include/OgreRenderable.h:236: Warning: The following parameters of Ogre::Renderable::getCustomParameter(size_t index) const are not documented:
  parameter index
/home/steve/ogre/ogre/OgreMain/include/OgreRenderable.h:236: Warning: argument `see' of command @param is not found in the argument list of Ogre::Renderable::getCustomParameter(size_t index) const
/home/steve/ogre/ogre/OgreMain/include/OgreRenderable.h:236: Warning: The following parameters of Ogre::Renderable::getCustomParameter(size_t index) const are not documented:
  parameter index
/home/steve/ogre/ogre/OgreMain/include/OgreString.h:83: Warning: The following parameters of Ogre::StringUtil::split(const String &str, const String &delims="\t\n ", unsigned int maxSplits=0) are not documented:
  parameter str
/home/steve/ogre/ogre/OgreMain/include/OgreString.h:102: Warning: The following parameters of Ogre::StringUtil::startsWith(const String &str, const String &pattern, bool lowerCase=true) are not documented:
  parameter str
/home/steve/ogre/ogre/OgreMain/include/OgreString.h:109: Warning: The following parameters of Ogre::StringUtil::endsWith(const String &str, const String &pattern, bool lowerCase=true) are not documented:
  parameter str
/home/steve/ogre/ogre/OgreMain/include/OgreStringConverter.h:113: Warning: The following parameters of Ogre::StringConverter::toString(bool val, bool yesNo=false) are not documented:
  parameter val
/home/steve/ogre/ogre/OgreMain/include/OgreRenderable.h:236: Warning: argument `see' of command @param is not found in the argument list of Ogre::Renderable::getCustomParameter(size_t index) const
/home/steve/ogre/ogre/OgreMain/include/OgreRenderable.h:236: Warning: The following parameters of Ogre::Renderable::getCustomParameter(size_t index) const are not documented:
  parameter index
/home/steve/ogre/ogre/OgreMain/include/OgreNode.h:493: Warning: The following parameters of Ogre::Node::createChild(const String &name, const Vector3 &translate=Vector3::ZERO, const Quaternion &rotate=Quaternion::IDENTITY) are not documented:
  parameter name
/home/steve/ogre/ogre/OgreMain/include/OgreNode.h:684: Warning: The following parameters of Ogre::Node::requestUpdate(Node *child, bool forceParentUpdate=false) are not documented:
  parameter child
/home/steve/ogre/ogre/OgreMain/include/OgreRenderable.h:236: Warning: argument `see' of command @param is not found in the argument list of Ogre::Renderable::getCustomParameter(size_t index) const
/home/steve/ogre/ogre/OgreMain/include/OgreRenderable.h:236: Warning: The following parameters of Ogre::Renderable::getCustomParameter(size_t index) const are not documented:
  parameter index
/home/steve/ogre/ogre/OgreMain/include/OgreTangentSpaceCalc.h:93: Warning: argument `enable' of command @param is not found in the argument list of Ogre::TangentSpaceCalc::setStoreParityInW(bool enabled)
/home/steve/ogre/ogre/OgreMain/include/OgreTangentSpaceCalc.h:93: Warning: The following parameters of Ogre::TangentSpaceCalc::setStoreParityInW(bool enabled) are not documented:
  parameter enabled
/home/steve/ogre/ogre/OgreMain/include/OgreRenderable.h:236: Warning: argument `see' of command @param is not found in the argument list of Ogre::Renderable::getCustomParameter(size_t index) const
/home/steve/ogre/ogre/OgreMain/include/OgreRenderable.h:236: Warning: The following parameters of Ogre::Renderable::getCustomParameter(size_t index) const are not documented:
  parameter index
/home/steve/ogre/ogre/OgreMain/include/OgreTextureManager.h:62: Warning: The following parameters of Ogre::TextureManager::createOrRetrieve(const String &name, const String &group, bool isManual=false, ManualResourceLoader *loader=0, const NameValuePairList *createParams=0, TextureType texType=TEX_TYPE_2D, int numMipmaps=MIP_DEFAULT, Real gamma=1.0f, bool isAlpha=false, PixelFormat desiredFormat=PF_UNKNOWN, bool hwGammaCorrection=false) are not documented:
  parameter name
  parameter group
  parameter isManual
  parameter loader
  parameter createParams
/home/steve/ogre/ogre/OgreMain/include/OgreTextureManager.h:163: Warning: argument `numMipmaps' of command @param is not found in the argument list of Ogre::TextureManager::loadImage(const String &name, const String &group, const Image &img, TextureType texType=TEX_TYPE_2D, int iNumMipmaps=MIP_DEFAULT, Real gamma=1.0f, bool isAlpha=false, PixelFormat desiredFormat=PF_UNKNOWN, bool hwGammaCorrection=false)
/home/steve/ogre/ogre/OgreMain/include/OgreTextureManager.h:163: Warning: The following parameters of Ogre::TextureManager::loadImage(const String &name, const String &group, const Image &img, TextureType texType=TEX_TYPE_2D, int iNumMipmaps=MIP_DEFAULT, Real gamma=1.0f, bool isAlpha=false, PixelFormat desiredFormat=PF_UNKNOWN, bool hwGammaCorrection=false) are not documented:
  parameter iNumMipmaps
/home/steve/ogre/ogre/OgreMain/include/OgreTextureManager.h:200: Warning: argument `width' of command @param is not found in the argument list of Ogre::TextureManager::loadRawData(const String &name, const String &group, DataStreamPtr &stream, ushort uWidth, ushort uHeight, PixelFormat format, TextureType texType=TEX_TYPE_2D, int iNumMipmaps=MIP_DEFAULT, Real gamma=1.0f, bool hwGammaCorrection=false)
/home/steve/ogre/ogre/OgreMain/include/OgreTextureManager.h:200: Warning: argument `height' of command @param is not found in the argument list of Ogre::TextureManager::loadRawData(const String &name, const String &group, DataStreamPtr &stream, ushort uWidth, ushort uHeight, PixelFormat format, TextureType texType=TEX_TYPE_2D, int iNumMipmaps=MIP_DEFAULT, Real gamma=1.0f, bool hwGammaCorrection=false)
/home/steve/ogre/ogre/OgreMain/include/OgreTextureManager.h:200: Warning: argument `numMipmaps' of command @param is not found in the argument list of Ogre::TextureManager::loadRawData(const String &name, const String &group, DataStreamPtr &stream, ushort uWidth, ushort uHeight, PixelFormat format, TextureType texType=TEX_TYPE_2D, int iNumMipmaps=MIP_DEFAULT, Real gamma=1.0f, bool hwGammaCorrection=false)
/home/steve/ogre/ogre/OgreMain/include/OgreTextureManager.h:200: Warning: The following parameters of Ogre::TextureManager::loadRawData(const String &name, const String &group, DataStreamPtr &stream, ushort uWidth, ushort uHeight, PixelFormat format, TextureType texType=TEX_TYPE_2D, int iNumMipmaps=MIP_DEFAULT, Real gamma=1.0f, bool hwGammaCorrection=false) are not documented:
  parameter uWidth
  parameter uHeight
  parameter iNumMipmaps
/home/steve/ogre/ogre/OgreMain/include/OgreTextureManager.h:237: Warning: argument `numMipmaps' of command @param is not found in the argument list of Ogre::TextureManager::createManual(const String &name, const String &group, TextureType texType, uint width, uint height, uint depth, int num_mips, PixelFormat format, int usage=TU_DEFAULT, ManualResourceLoader *loader=0, bool hwGammaCorrection=false, uint fsaa=0)
/home/steve/ogre/ogre/OgreMain/include/OgreTextureManager.h:237: Warning: The following parameters of Ogre::TextureManager::createManual(const String &name, const String &group, TextureType texType, uint width, uint height, uint depth, int num_mips, PixelFormat format, int usage=TU_DEFAULT, ManualResourceLoader *loader=0, bool hwGammaCorrection=false, uint fsaa=0) are not documented:
  parameter num_mips
/home/steve/ogre/ogre/OgreMain/include/OgreTextureManager.h:284: Warning: argument `numMipmaps' of command @param is not found in the argument list of Ogre::TextureManager::createManual(const String &name, const String &group, TextureType texType, uint width, uint height, int num_mips, PixelFormat format, int usage=TU_DEFAULT, ManualResourceLoader *loader=0, bool hwGammaCorrection=false, uint fsaa=0)
/home/steve/ogre/ogre/OgreMain/include/OgreTextureManager.h:284: Warning: The following parameters of Ogre::TextureManager::createManual(const String &name, const String &group, TextureType texType, uint width, uint height, int num_mips, PixelFormat format, int usage=TU_DEFAULT, ManualResourceLoader *loader=0, bool hwGammaCorrection=false, uint fsaa=0) are not documented:
  parameter num_mips
/home/steve/ogre/ogre/OgreMain/include/OgreTextureManager.h:373: Warning: The following parameters of Ogre::TextureManager::isFormatSupported(TextureType ttype, PixelFormat format, int usage) are not documented:
  parameter ttype
/home/steve/ogre/ogre/OgreMain/include/OgreResourceManager.h:400: Warning: The following parameters of Ogre::ResourceManager::createImpl(const String &name, ResourceHandle handle, const String &group, bool isManual, ManualResourceLoader *loader, const NameValuePairList *createParams) are not documented:
  parameter handle
/home/steve/ogre/ogre/OgreMain/include/OgreTextureUnitState.h:181: Warning: argument `name' of command @param is not found in the argument list of Ogre::TextureUnitState::TextureUnitState(Pass *parent, const String &texName, unsigned int texCoordSet=0)
/home/steve/ogre/ogre/OgreMain/include/OgreTextureUnitState.h:181: Warning: The following parameters of Ogre::TextureUnitState::TextureUnitState(Pass *parent, const String &texName, unsigned int texCoordSet=0) are not documented:
  parameter parent
  parameter texName
/home/steve/ogre/ogre/OgreMain/include/OgreTextureUnitState.h:1787: Warning: found </ul> tag without matching <ul>
/home/steve/ogre/ogre/OgreMain/include/OgreTextureUnitState.h:286: Warning: found </ul> tag without matching <ul>
/home/steve/ogre/ogre/OgreMain/include/OgreTextureUnitState.h:254: Warning: argument `name' of command @param is not found in the argument list of Ogre::TextureUnitState::setCubicTextureName(const String *const names, bool forUVW=false)
/home/steve/ogre/ogre/OgreMain/include/OgreTextureUnitState.h:254: Warning: The following parameters of Ogre::TextureUnitState::setCubicTextureName(const String *const names, bool forUVW=false) are not documented:
  parameter names
/home/steve/ogre/ogre/OgreMain/include/OgreTextureUnitState.h:663: Warning: argument `If' of command @param is not found in the argument list of Ogre::TextureUnitState::setColourOperationEx(LayerBlendOperationEx op, LayerBlendSource source1=LBS_TEXTURE, LayerBlendSource source2=LBS_CURRENT, const ColourValue &arg1=ColourValue::White, const ColourValue &arg2=ColourValue::White, Real manualBlend=0.0)
/home/steve/ogre/ogre/OgreMain/include/OgreTextureUnitState.h:839: Warning: argument `planar' of command @param is not found in the argument list of Ogre::TextureUnitState::setEnvironmentMap(bool enable, EnvMapType envMapType=ENV_CURVED)
/home/steve/ogre/ogre/OgreMain/include/OgreTextureUnitState.h:839: Warning: The following parameters of Ogre::TextureUnitState::setEnvironmentMap(bool enable, EnvMapType envMapType=ENV_CURVED) are not documented:
  parameter envMapType
/home/steve/ogre/ogre/OgreMain/include/OgreTextureUnitState.h:978: Warning: Found unknown command `\params'
/home/steve/ogre/ogre/OgreMain/include/OgreTextureUnitState.h:979: Warning: Found unknown command `\params'
/home/steve/ogre/ogre/OgreMain/include/OgreTextureUnitState.h:983: Warning: Found unknown command `\params'
/home/steve/ogre/ogre/OgreMain/include/OgreTextureUnitState.h:985: Warning: Found unknown command `\params'
/home/steve/ogre/ogre/OgreMain/include/OgreTextureUnitState.h:987: Warning: Found unknown command `\params'
/home/steve/ogre/ogre/OgreMain/include/OgreUnifiedHighLevelGpuProgram.h:112: Warning: target GpuProgram::getBindingDelegate of \copydoc command not found
/home/steve/ogre/ogre/OgreMain/include/OgreUnifiedHighLevelGpuProgram.h:112: Warning: target GpuProgram::getBindingDelegate of \copydoc command not found
/home/steve/ogre/ogre/OgreMain/include/OgreVector2.h:452: Warning: argument `up' of command @param is not found in the argument list of Ogre::Vector2::randomDeviant(Real angle) const
/home/steve/ogre/ogre/OgreMain/include/OgreVector3.h:444: Warning: argument `vec' of command @param is not found in the argument list of Ogre::Vector3::crossProduct(const Vector3 &rkVector) const
/home/steve/ogre/ogre/OgreMain/include/OgreVector3.h:444: Warning: The following parameters of Ogre::Vector3::crossProduct(const Vector3 &rkVector) const are not documented:
  parameter rkVector
/home/steve/ogre/ogre/OgreMain/include/OgreVertexIndexData.h:122: Warning: argument `bufferUsages' of command @param is not found in the argument list of Ogre::VertexData::reorganiseBuffers(VertexDeclaration *newDeclaration, const BufferUsageList &bufferUsage)
/home/steve/ogre/ogre/OgreMain/include/OgreVertexIndexData.h:122: Warning: The following parameters of Ogre::VertexData::reorganiseBuffers(VertexDeclaration *newDeclaration, const BufferUsageList &bufferUsage) are not documented:
  parameter bufferUsage
/home/steve/ogre/ogre/OgreMain/include/OgreViewport.h:53: Warning: argument `cam' of command @param is not found in the argument list of Ogre::Viewport::Viewport(Camera *camera, RenderTarget *target, Real left, Real top, Real width, Real height, int ZOrder)
/home/steve/ogre/ogre/OgreMain/include/OgreViewport.h:53: Warning: The following parameters of Ogre::Viewport::Viewport(Camera *camera, RenderTarget *target, Real left, Real top, Real width, Real height, int ZOrder) are not documented:
  parameter camera
/home/steve/ogre/ogre/OgreMain/include/OgreViewport.h:286: Warning: argument `The' of command @param is not found in the argument list of Ogre::Viewport::setRenderQueueInvocationSequenceName(const String &sequenceName)
/home/steve/ogre/ogre/OgreMain/include/OgreViewport.h:286: Warning: The following parameters of Ogre::Viewport::setRenderQueueInvocationSequenceName(const String &sequenceName) are not documented:
  parameter sequenceName
/home/steve/ogre/ogre/OgreMain/include/OgreWindowEventUtilities.h:43: Warning: Found unknown command `\Remarks'
/home/steve/ogre/ogre/OgreMain/include/OgreWindowEventUtilities.h:52: Warning: Found unknown command `\Remarks'
/home/steve/ogre/ogre/OgreMain/include/OgreWindowEventUtilities.h:60: Warning: Found unknown command `\Remarks'
/home/steve/ogre/ogre/OgreMain/include/OgreWindowEventUtilities.h:68: Warning: Found unknown command `\Remarks'
/home/steve/ogre/ogre/OgreMain/include/OgreWindowEventUtilities.h:78: Warning: Found unknown command `\Remarks'
/home/steve/ogre/ogre/OgreMain/include/OgreWindowEventUtilities.h:90: Warning: Found unknown command `\Remarks'
/home/steve/ogre/ogre/OgreMain/include/OgreWindowEventUtilities.h:43: Warning: Found unknown command `\Remarks'
/home/steve/ogre/ogre/OgreMain/include/OgreWindowEventUtilities.h:52: Warning: Found unknown command `\Remarks'
/home/steve/ogre/ogre/OgreMain/include/OgreWindowEventUtilities.h:60: Warning: Found unknown command `\Remarks'
/home/steve/ogre/ogre/OgreMain/include/OgreWindowEventUtilities.h:68: Warning: Found unknown command `\Remarks'
/home/steve/ogre/ogre/OgreMain/include/OgreWindowEventUtilities.h:78: Warning: Found unknown command `\Remarks'
/home/steve/ogre/ogre/OgreMain/include/OgreWindowEventUtilities.h:90: Warning: Found unknown command `\Remarks'
/home/steve/ogre/ogre/OgreMain/include/OgreWindowEventUtilities.h:99: Warning: Found unknown command `\Remarks'
/home/steve/ogre/ogre/OgreMain/include/OgreWindowEventUtilities.h:106: Warning: Found unknown command `\Remarks'
/home/steve/ogre/ogre/OgreMain/include/OgreWindowEventUtilities.h:113: Warning: Found unknown command `\Remarks'
/home/steve/ogre/ogre/OgreMain/include/OgreWindowEventUtilities.h:125: Warning: Found unknown command `\Remarks'
/home/steve/ogre/ogre/OgreMain/include/OgreWindowEventUtilities.h:135: Warning: Found unknown command `\Remarks'
/home/steve/ogre/ogre/OgreMain/include/OgreWindowEventUtilities.h:144: Warning: Found unknown command `\Remarks'
/home/steve/ogre/ogre/OgreMain/include/OgreWindowEventUtilities.h:99: Warning: Found unknown command `\Remarks'
/home/steve/ogre/ogre/OgreMain/include/OgreWindowEventUtilities.h:106: Warning: Found unknown command `\Remarks'
/home/steve/ogre/ogre/OgreMain/include/OgreWindowEventUtilities.h:113: Warning: Found unknown command `\Remarks'
/home/steve/ogre/ogre/OgreMain/include/OgreWindowEventUtilities.h:113: Warning: argument `listner' of command @param is not found in the argument list of Ogre::WindowEventUtilities::addWindowEventListener(RenderWindow *window, WindowEventListener *listener)
/home/steve/ogre/ogre/OgreMain/include/OgreWindowEventUtilities.h:113: Warning: The following parameters of Ogre::WindowEventUtilities::addWindowEventListener(RenderWindow *window, WindowEventListener *listener) are not documented:
  parameter listener
/home/steve/ogre/ogre/OgreMain/include/OgreWindowEventUtilities.h:125: Warning: Found unknown command `\Remarks'
/home/steve/ogre/ogre/OgreMain/include/OgreWindowEventUtilities.h:125: Warning: argument `listner' of command @param is not found in the argument list of Ogre::WindowEventUtilities::removeWindowEventListener(RenderWindow *window, WindowEventListener *listener)
/home/steve/ogre/ogre/OgreMain/include/OgreWindowEventUtilities.h:125: Warning: The following parameters of Ogre::WindowEventUtilities::removeWindowEventListener(RenderWindow *window, WindowEventListener *listener) are not documented:
  parameter listener
/home/steve/ogre/ogre/OgreMain/include/OgreWindowEventUtilities.h:135: Warning: Found unknown command `\Remarks'
/home/steve/ogre/ogre/OgreMain/include/OgreWindowEventUtilities.h:144: Warning: Found unknown command `\Remarks'
/home/steve/ogre/ogre/OgreMain/include/OgreRenderable.h:236: Warning: argument `see' of command @param is not found in the argument list of Ogre::Renderable::getCustomParameter(size_t index) const
/home/steve/ogre/ogre/OgreMain/include/OgreRenderable.h:236: Warning: The following parameters of Ogre::Renderable::getCustomParameter(size_t index) const are not documented:
  parameter index
<destroyInstance>:1: Warning: argument `ptr' of command @param is not found in the argument list of Ogre::ZipArchiveFactory::destroyInstance(Archive *arch)
<destroyInstance>:1: Warning: The following parameters of Ogre::ZipArchiveFactory::destroyInstance(Archive *arch) are not documented:
  parameter arch
<destroyInstance>:1: Warning: argument `ptr' of command @param is not found in the argument list of Ogre::ZipArchiveFactory::destroyInstance(Archive *arch)
<destroyInstance>:1: Warning: The following parameters of Ogre::ZipArchiveFactory::destroyInstance(Archive *arch) are not documented:
  parameter arch
/home/steve/ogre/ogre/OgreMain/include/OgreFactoryObj.h:57: Warning: argument `ptr' of command @param is not found in the argument list of Ogre::FactoryObj< T >::destroyInstance(T *)
